  MyForm.cpp
C:\Users\Алек\Documents\labs2K\Программирование\Прак\Pr2\Prac2\Prac2\MyForm1.h(95,3): error C2065:  MyForm: необъявленный идентификатор
C:\Users\Алек\Documents\labs2K\Программирование\Прак\Pr2\Prac2\Prac2\MyForm1.h(95,11): error C2065:  f1: необъявленный идентификатор
C:\Users\Алек\Documents\labs2K\Программирование\Прак\Pr2\Prac2\Prac2\MyForm1.h(99,1): error C3867:  "System::String::ToString": нестандартный синтаксис; используйте "&", чтобы создать указатель на член
C:\Users\Алек\Documents\labs2K\Программирование\Прак\Pr2\Prac2\Prac2\MyForm1.h(102,11): error C2065:  f1: необъявленный идентификатор
  MyForm1.cpp
C:\Users\Алек\Documents\labs2K\Программирование\Прак\Pr2\Prac2\Prac2\MyForm.cpp(6,32): warning C4829:  Возможно, неправильные параметры функции main. Рекомендуемый вариант - "int main(Platform::Array<Platform::String^>^ argv)"
C:\Users\Алек\Documents\labs2K\Программирование\Прак\Pr2\Prac2\Prac2\MyForm.h(151,3): error C2065:  MyForm1: необъявленный идентификатор
C:\Users\Алек\Documents\labs2K\Программирование\Прак\Pr2\Prac2\Prac2\MyForm.h(151,12): error C2065:  f2: необъявленный идентификатор
C:\Users\Алек\Documents\labs2K\Программирование\Прак\Pr2\Prac2\Prac2\MyForm.h(152,3): error C2065:  f2: необъявленный идентификатор
C:\Users\Алек\Documents\labs2K\Программирование\Прак\Pr2\Prac2\Prac2\MyForm1.h(99,1): error C3867:  "System::String::ToString": нестандартный синтаксис; используйте "&", чтобы создать указатель на член
C:\Users\Алек\Documents\labs2K\Программирование\Прак\Pr2\Prac2\Prac2\MyForm1.h(102,1): error C3867:  "System::String::ToString": нестандартный синтаксис; используйте "&", чтобы создать указатель на член
C:\Users\Алек\Documents\labs2K\Программирование\Прак\Pr2\Prac2\Prac2\MyForm1.h(102,1): error C2679:  бинарный "<<": не найден оператор, принимающий правый операнд типа "overloaded-function" (или приемлемое преобразование отсутствует)
D:\Programss\VisualStudio\VC\Tools\MSVC\14.22.27706\include\ostream(437,39): message :  может быть "std::basic_ostream<char,std::char_traits<char>> &std::basic_ostream<char,std::char_traits<char>>::operator <<(std::basic_streambuf<char,std::char_traits<char>> *)"
D:\Programss\VisualStudio\VC\Tools\MSVC\14.22.27706\include\ostream(412,39): message :  или       "std::basic_ostream<char,std::char_traits<char>> &std::basic_ostream<char,std::char_traits<char>>::operator <<(const void *)"
D:\Programss\VisualStudio\VC\Tools\MSVC\14.22.27706\include\ostream(394,39): message :  или       "std::basic_ostream<char,std::char_traits<char>> &std::basic_ostream<char,std::char_traits<char>>::operator <<(long double)"
D:\Programss\VisualStudio\VC\Tools\MSVC\14.22.27706\include\ostream(376,39): message :  или       "std::basic_ostream<char,std::char_traits<char>> &std::basic_ostream<char,std::char_traits<char>>::operator <<(double)"
D:\Programss\VisualStudio\VC\Tools\MSVC\14.22.27706\include\ostream(358,39): message :  или       "std::basic_ostream<char,std::char_traits<char>> &std::basic_ostream<char,std::char_traits<char>>::operator <<(float)"
D:\Programss\VisualStudio\VC\Tools\MSVC\14.22.27706\include\ostream(340,39): message :  или       "std::basic_ostream<char,std::char_traits<char>> &std::basic_ostream<char,std::char_traits<char>>::operator <<(unsigned __int64)"
D:\Programss\VisualStudio\VC\Tools\MSVC\14.22.27706\include\ostream(322,39): message :  или       "std::basic_ostream<char,std::char_traits<char>> &std::basic_ostream<char,std::char_traits<char>>::operator <<(__int64)"
D:\Programss\VisualStudio\VC\Tools\MSVC\14.22.27706\include\ostream(304,39): message :  или       "std::basic_ostream<char,std::char_traits<char>> &std::basic_ostream<char,std::char_traits<char>>::operator <<(unsigned long)"
D:\Programss\VisualStudio\VC\Tools\MSVC\14.22.27706\include\ostream(286,39): message :  или       "std::basic_ostream<char,std::char_traits<char>> &std::basic_ostream<char,std::char_traits<char>>::operator <<(long)"
D:\Programss\VisualStudio\VC\Tools\MSVC\14.22.27706\include\ostream(268,39): message :  или       "std::basic_ostream<char,std::char_traits<char>> &std::basic_ostream<char,std::char_traits<char>>::operator <<(unsigned int)"
D:\Programss\VisualStudio\VC\Tools\MSVC\14.22.27706\include\ostream(248,39): message :  или       "std::basic_ostream<char,std::char_traits<char>> &std::basic_ostream<char,std::char_traits<char>>::operator <<(int)"
D:\Programss\VisualStudio\VC\Tools\MSVC\14.22.27706\include\ostream(230,39): message :  или       "std::basic_ostream<char,std::char_traits<char>> &std::basic_ostream<char,std::char_traits<char>>::operator <<(unsigned short)"
D:\Programss\VisualStudio\VC\Tools\MSVC\14.22.27706\include\ostream(202,39): message :  или       "std::basic_ostream<char,std::char_traits<char>> &std::basic_ostream<char,std::char_traits<char>>::operator <<(short)"
D:\Programss\VisualStudio\VC\Tools\MSVC\14.22.27706\include\ostream(184,39): message :  или       "std::basic_ostream<char,std::char_traits<char>> &std::basic_ostream<char,std::char_traits<char>>::operator <<(bool)"
D:\Programss\VisualStudio\VC\Tools\MSVC\14.22.27706\include\ostream(179,39): message :  или       "std::basic_ostream<char,std::char_traits<char>> &std::basic_ostream<char,std::char_traits<char>>::operator <<(std::ios_base &(__cdecl *)(std::ios_base &))"
D:\Programss\VisualStudio\VC\Tools\MSVC\14.22.27706\include\ostream(174,39): message :  или       "std::basic_ostream<char,std::char_traits<char>> &std::basic_ostream<char,std::char_traits<char>>::operator <<(std::basic_ios<char,std::char_traits<char>> &(__cdecl *)(std::basic_ios<char,std::char_traits<char>> &))"
D:\Programss\VisualStudio\VC\Tools\MSVC\14.22.27706\include\ostream(169,39): message :  или       "std::basic_ostream<char,std::char_traits<char>> &std::basic_ostream<char,std::char_traits<char>>::operator <<(std::basic_ostream<char,std::char_traits<char>> &(__cdecl *)(std::basic_ostream<char,std::char_traits<char>> &))"
D:\Programss\VisualStudio\VC\Tools\MSVC\14.22.27706\include\ostream(921,39): message :  или       "std::basic_ostream<char,std::char_traits<char>> &std::operator <<<char,std::char_traits<char>>(std::basic_ostream<char,std::char_traits<char>> &,const std::error_code &)"
D:\Programss\VisualStudio\VC\Tools\MSVC\14.22.27706\include\ostream(876,38): message :  или       "std::basic_ostream<char,std::char_traits<char>> &std::operator <<<std::char_traits<char>>(std::basic_ostream<char,std::char_traits<char>> &,unsigned char)"
D:\Programss\VisualStudio\VC\Tools\MSVC\14.22.27706\include\ostream(870,38): message :  или       "std::basic_ostream<char,std::char_traits<char>> &std::operator <<<std::char_traits<char>>(std::basic_ostream<char,std::char_traits<char>> &,const unsigned char *)"
D:\Programss\VisualStudio\VC\Tools\MSVC\14.22.27706\include\ostream(864,38): message :  или       "std::basic_ostream<char,std::char_traits<char>> &std::operator <<<std::char_traits<char>>(std::basic_ostream<char,std::char_traits<char>> &,signed char)"
D:\Programss\VisualStudio\VC\Tools\MSVC\14.22.27706\include\ostream(858,38): message :  или       "std::basic_ostream<char,std::char_traits<char>> &std::operator <<<std::char_traits<char>>(std::basic_ostream<char,std::char_traits<char>> &,const signed char *)"
D:\Programss\VisualStudio\VC\Tools\MSVC\14.22.27706\include\ostream(739,38): message :  или       "std::basic_ostream<char,std::char_traits<char>> &std::operator <<<std::char_traits<char>>(std::basic_ostream<char,std::char_traits<char>> &,char)"
D:\Programss\VisualStudio\VC\Tools\MSVC\14.22.27706\include\ostream(694,38): message :  или       "std::basic_ostream<char,std::char_traits<char>> &std::operator <<<std::char_traits<char>>(std::basic_ostream<char,std::char_traits<char>> &,const char *)"
D:\Programss\VisualStudio\VC\Tools\MSVC\14.22.27706\include\ostream(658,39): message :  или       "std::basic_ostream<char,std::char_traits<char>> &std::operator <<<char,std::char_traits<char>>(std::basic_ostream<char,std::char_traits<char>> &,char)"
D:\Programss\VisualStudio\VC\Tools\MSVC\14.22.27706\include\ostream(613,39): message :  или       "std::basic_ostream<char,std::char_traits<char>> &std::operator <<<char,std::char_traits<char>>(std::basic_ostream<char,std::char_traits<char>> &,const char *)"
C:\Users\Алек\Documents\labs2K\Программирование\Прак\Pr2\Prac2\Prac2\MyForm1.h(102,1): message :  при попытке сопоставить список аргументов "(std::ofstream, overloaded-function)"
  Создание кода...
C:\Users\Алек\Documents\labs2K\Программирование\Прак\Pr2\Prac2\Prac2\MyForm1.cpp(6,32): warning C4829:  Возможно, неправильные параметры функции main. Рекомендуемый вариант - "int main(Platform::Array<Platform::String^>^ argv)"
